<?xml version="1.0" encoding="UTF-8"?>
<!-- Generated by org.testng.reporters.JUnitReportReporter -->
<testsuite hostname="LAPTOP-4I52GP61" failures="0" tests="1" name="testjavaa.TestClasss" time="0.012" errors="0" timestamp="2025-02-05T23:21:36 IST" skipped="0">
  <testcase classname="testjavaa.TestClasss" name="a" time="0.012"/>
  <system-out/>
</testsuite> <!-- testjavaa.TestClasss -->
